<?xml version="1.0" encoding="utf-8"?>
<!DOCTYPE coverage SYSTEM "http://cobertura.sourceforge.net/xml/coverage-04.dtd">
<coverage line-rate="0.833333333333333" branch-rate="0.6" lines-covered="45" lines-valid="54" branches-covered="6" branches-valid="10" complexity="18" version="0" timestamp="1681913921">
  <sources>
    <source>C:\</source>
    <source>D:\Development\Arbejde\EADANIA\Test\DevOps\HelloWorld\DevOps-Hello\</source>
  </sources>
  <packages>
    <package name="DiceTest" line-rate="0.96551724137931" branch-rate="0.75" complexity="11">
      <classes>
        <class name="AutoGeneratedProgram" filename="C:\Users\kloda\.nuget\packages\microsoft.net.test.sdk\17.5.0\build\netcoreapp3.1\Microsoft.NET.Test.Sdk.Program.cs" line-rate="0" branch-rate="1" complexity="1">
          <methods>
            <method name="Main" signature="(...)" line-rate="0" branch-rate="1" complexity="1">
              <lines>
                <line number="4" hits="0" branch="false" />
              </lines>
            </method>
          </methods>
          <lines>
            <line number="4" hits="0" branch="false" />
          </lines>
        </class>
        <class name="DiceTest.UnitTest1" filename="D:\Development\Arbejde\EADANIA\Test\DevOps\HelloWorld\DevOps-Hello\DiceTest\UnitTest1.cs" line-rate="1" branch-rate="0.75" complexity="10">
          <methods>
            <method name="Roll_AlwaysReturnNumberThree" signature="()" line-rate="1" branch-rate="1" complexity="1">
              <lines>
                <line number="12" hits="1" branch="false" />
                <line number="13" hits="1" branch="false" />
                <line number="14" hits="1" branch="false" />
                <line number="16" hits="1" branch="false" />
                <line number="17" hits="1" branch="false" />
              </lines>
            </method>
            <method name="Roll_AlwayReturnNumberFour" signature="()" line-rate="1" branch-rate="1" complexity="1">
              <lines>
                <line number="21" hits="1" branch="false" />
                <line number="23" hits="1" branch="false" />
                <line number="26" hits="1" branch="false" />
                <line number="29" hits="1" branch="false" />
                <line number="30" hits="1" branch="false" />
                <line number="33" hits="1" branch="false" />
                <line number="34" hits="1" branch="false" />
              </lines>
            </method>
            <method name="Roll_Between_1_and_6" signature="()" line-rate="1" branch-rate="0.75" complexity="4">
              <lines>
                <line number="38" hits="1" branch="false" />
                <line number="39" hits="1" branch="false" />
                <line number="41" hits="202" branch="true" condition-coverage="100% (2/2)" />
                <line number="42" hits="100" branch="false" />
                <line number="43" hits="100" branch="false" />
                <line number="45" hits="100" branch="true" condition-coverage="50% (1/2)" />
                <line number="46" hits="100" branch="false" />
                <line number="47" hits="1" branch="false" />
              </lines>
            </method>
            <method name="Roll_Between1and6" signature="()" line-rate="1" branch-rate="0.75" complexity="4">
              <lines>
                <line number="52" hits="1" branch="false" />
                <line number="53" hits="1" branch="false" />
                <line number="55" hits="202" branch="true" condition-coverage="100% (2/2)" />
                <line number="56" hits="100" branch="false" />
                <line number="57" hits="100" branch="false" />
                <line number="59" hits="100" branch="true" condition-coverage="50% (1/2)" />
                <line number="60" hits="100" branch="false" />
                <line number="61" hits="1" branch="false" />
              </lines>
            </method>
          </methods>
          <lines>
            <line number="12" hits="1" branch="false" />
            <line number="13" hits="1" branch="false" />
            <line number="14" hits="1" branch="false" />
            <line number="16" hits="1" branch="false" />
            <line number="17" hits="1" branch="false" />
            <line number="21" hits="1" branch="false" />
            <line number="23" hits="1" branch="false" />
            <line number="26" hits="1" branch="false" />
            <line number="29" hits="1" branch="false" />
            <line number="30" hits="1" branch="false" />
            <line number="33" hits="1" branch="false" />
            <line number="34" hits="1" branch="false" />
            <line number="38" hits="1" branch="false" />
            <line number="39" hits="1" branch="false" />
            <line number="41" hits="202" branch="true" condition-coverage="100% (2/2)" />
            <line number="42" hits="100" branch="false" />
            <line number="43" hits="100" branch="false" />
            <line number="45" hits="100" branch="true" condition-coverage="50% (1/2)" />
            <line number="46" hits="100" branch="false" />
            <line number="47" hits="1" branch="false" />
            <line number="52" hits="1" branch="false" />
            <line number="53" hits="1" branch="false" />
            <line number="55" hits="202" branch="true" condition-coverage="100% (2/2)" />
            <line number="56" hits="100" branch="false" />
            <line number="57" hits="100" branch="false" />
            <line number="59" hits="100" branch="true" condition-coverage="50% (1/2)" />
            <line number="60" hits="100" branch="false" />
            <line number="61" hits="1" branch="false" />
          </lines>
        </class>
      </classes>
    </package>
    <package name="HelloWorld" line-rate="0.68" branch-rate="0" complexity="7">
      <classes>
        <class name="HelloWorld.Dice" filename="D:\Development\Arbejde\EADANIA\Test\DevOps\HelloWorld\DevOps-Hello\HelloWorld\Dice.cs" line-rate="1" branch-rate="1" complexity="2">
          <methods>
            <method name="Roll" signature="()" line-rate="1" branch-rate="1" complexity="1">
              <lines>
                <line number="19" hits="101" branch="false" />
                <line number="20" hits="101" branch="false" />
                <line number="21" hits="101" branch="false" />
              </lines>
            </method>
            <method name=".ctor" signature="(...)" line-rate="1" branch-rate="1" complexity="1">
              <lines>
                <line number="13" hits="2" branch="false" />
                <line number="14" hits="2" branch="false" />
                <line number="15" hits="2" branch="false" />
                <line number="16" hits="2" branch="false" />
              </lines>
            </method>
          </methods>
          <lines>
            <line number="13" hits="2" branch="false" />
            <line number="14" hits="2" branch="false" />
            <line number="15" hits="2" branch="false" />
            <line number="16" hits="2" branch="false" />
            <line number="19" hits="101" branch="false" />
            <line number="20" hits="101" branch="false" />
            <line number="21" hits="101" branch="false" />
          </lines>
        </class>
        <class name="HelloWorld.Program" filename="D:\Development\Arbejde\EADANIA\Test\DevOps\HelloWorld\DevOps-Hello\HelloWorld\Program.cs" line-rate="0" branch-rate="0" complexity="2">
          <methods>
            <method name="Main" signature="(...)" line-rate="0" branch-rate="0" complexity="2">
              <lines>
                <line number="6" hits="0" branch="false" />
                <line number="7" hits="0" branch="false" />
                <line number="9" hits="0" branch="true" condition-coverage="0% (0/2)" />
                <line number="10" hits="0" branch="false" />
                <line number="11" hits="0" branch="false" />
                <line number="12" hits="0" branch="false" />
                <line number="13" hits="0" branch="false" />
                <line number="14" hits="0" branch="false" />
              </lines>
            </method>
          </methods>
          <lines>
            <line number="6" hits="0" branch="false" />
            <line number="7" hits="0" branch="false" />
            <line number="9" hits="0" branch="true" condition-coverage="0% (0/2)" />
            <line number="10" hits="0" branch="false" />
            <line number="11" hits="0" branch="false" />
            <line number="12" hits="0" branch="false" />
            <line number="13" hits="0" branch="false" />
            <line number="14" hits="0" branch="false" />
          </lines>
        </class>
        <class name="HelloWorld.RandomDice" filename="D:\Development\Arbejde\EADANIA\Test\DevOps\HelloWorld\DevOps-Hello\HelloWorld\RandomDice.cs" line-rate="1" branch-rate="1" complexity="2">
          <methods>
            <method name="Roll" signature="()" line-rate="1" branch-rate="1" complexity="1">
              <lines>
                <line number="19" hits="200" branch="false" />
                <line number="20" hits="200" branch="false" />
                <line number="21" hits="200" branch="false" />
              </lines>
            </method>
            <method name=".ctor" signature="()" line-rate="1" branch-rate="1" complexity="1">
              <lines>
                <line number="13" hits="2" branch="false" />
                <line number="14" hits="2" branch="false" />
                <line number="15" hits="2" branch="false" />
                <line number="16" hits="2" branch="false" />
              </lines>
            </method>
          </methods>
          <lines>
            <line number="13" hits="2" branch="false" />
            <line number="14" hits="2" branch="false" />
            <line number="15" hits="2" branch="false" />
            <line number="16" hits="2" branch="false" />
            <line number="19" hits="200" branch="false" />
            <line number="20" hits="200" branch="false" />
            <line number="21" hits="200" branch="false" />
          </lines>
        </class>
        <class name="HelloWorld.StubDice" filename="D:\Development\Arbejde\EADANIA\Test\DevOps\HelloWorld\DevOps-Hello\HelloWorld\StubDice.cs" line-rate="1" branch-rate="1" complexity="1">
          <methods>
            <method name="Roll" signature="()" line-rate="1" branch-rate="1" complexity="1">
              <lines>
                <line number="12" hits="1" branch="false" />
                <line number="13" hits="1" branch="false" />
                <line number="14" hits="1" branch="false" />
              </lines>
            </method>
          </methods>
          <lines>
            <line number="12" hits="1" branch="false" />
            <line number="13" hits="1" branch="false" />
            <line number="14" hits="1" branch="false" />
          </lines>
        </class>
      </classes>
    </package>
  </packages>
</coverage>